<?xml version="1.0" encoding="UTF-8"?>
<!-- Generated by org.testng.reporters.JUnitReportReporter -->
<testsuite skipped="0" hostname="Hasans-MacBook-Pro.local" name="com.skyware.tests.SmokeTest" tests="3" failures="0" timestamp="30 Jul 2018 05:10:33 GMT" time="8.247" errors="0">
  <testcase name="checkHomePageTitle" time="0.013" classname="com.skyware.tests.SmokeTest"/>
  <testcase name="verifyRegistrationPageFields" time="1.791" classname="com.skyware.tests.SmokeTest"/>
  <testcase name="verifyMyAccountPageFields" time="6.443" classname="com.skyware.tests.SmokeTest"/>
</testsuite> <!-- com.skyware.tests.SmokeTest -->
