<?xml version="1.0" encoding="UTF-8"?>
<!-- Generated by org.testng.reporters.JUnitReportReporter -->
<testsuite skipped="0" hostname="MSI" name="com.skyware.tests.SmokeTest" tests="1" failures="0" timestamp="29 Jul 2018 23:11:04 GMT" time="1.433" errors="0">
  <testcase name="checkHomePageTitle" time="1.433" classname="com.skyware.tests.SmokeTest"/>
</testsuite> <!-- com.skyware.tests.SmokeTest -->
