<?xml version="1.0" encoding="UTF-8"?>
<!-- Generated by org.testng.reporters.JUnitReportReporter -->
<testsuite skipped="0" hostname="MSI" name="test.testBase" tests="1" failures="0" timestamp="29 Jul 2018 23:02:16 GMT" time="0.036" errors="0">
  <testcase name="checkHomePageTitle" time="0.036" classname="test.testBase"/>
</testsuite> <!-- test.testBase -->
